  peon.cpp
  tablero.cpp
  Generando código...
C:\Users\Administrador\Downloads\AJEDREZ\src\tablero.cpp(14,27): error C2259: "Peon": no se puede crear una instancia de una clase abstract
      C:\Users\Administrador\Downloads\AJEDREZ\src\peon.h(7,7):
      vea la declaración de 'Peon'
      C:\Users\Administrador\Downloads\AJEDREZ\src\tablero.cpp(14,27):
      debido a los siguientes miembros:
      C:\Users\Administrador\Downloads\AJEDREZ\src\tablero.cpp(14,27):
      'void Pieza::mueve(void)': es abstracto
      C:\Users\Administrador\Downloads\AJEDREZ\src\pieza.h(18,15):
      vea la declaración de 'Pieza::mueve'
  
C:\Users\Administrador\Downloads\AJEDREZ\src\tablero.cpp(14,31): error C2259: "Peon": no se puede crear una instancia de una clase abstract
      C:\Users\Administrador\Downloads\AJEDREZ\src\peon.h(7,7):
      vea la declaración de 'Peon'
      C:\Users\Administrador\Downloads\AJEDREZ\src\tablero.cpp(14,31):
      debido a los siguientes miembros:
      C:\Users\Administrador\Downloads\AJEDREZ\src\tablero.cpp(14,31):
      'void Pieza::mueve(void)': es abstracto
      C:\Users\Administrador\Downloads\AJEDREZ\src\pieza.h(18,15):
      vea la declaración de 'Pieza::mueve'
  
C:\Users\Administrador\Downloads\AJEDREZ\src\tablero.cpp(17,27): error C2259: "Peon": no se puede crear una instancia de una clase abstract
      C:\Users\Administrador\Downloads\AJEDREZ\src\peon.h(7,7):
      vea la declaración de 'Peon'
      C:\Users\Administrador\Downloads\AJEDREZ\src\tablero.cpp(17,27):
      debido a los siguientes miembros:
      C:\Users\Administrador\Downloads\AJEDREZ\src\tablero.cpp(17,27):
      'void Pieza::mueve(void)': es abstracto
      C:\Users\Administrador\Downloads\AJEDREZ\src\pieza.h(18,15):
      vea la declaración de 'Pieza::mueve'
  
C:\Users\Administrador\Downloads\AJEDREZ\src\tablero.cpp(20,27): error C2259: "Peon": no se puede crear una instancia de una clase abstract
      C:\Users\Administrador\Downloads\AJEDREZ\src\peon.h(7,7):
      vea la declaración de 'Peon'
      C:\Users\Administrador\Downloads\AJEDREZ\src\tablero.cpp(20,27):
      debido a los siguientes miembros:
      C:\Users\Administrador\Downloads\AJEDREZ\src\tablero.cpp(20,27):
      'void Pieza::mueve(void)': es abstracto
      C:\Users\Administrador\Downloads\AJEDREZ\src\pieza.h(18,15):
      vea la declaración de 'Pieza::mueve'
  
C:\Users\Administrador\Downloads\AJEDREZ\src\tablero.cpp(23,27): error C2259: "Peon": no se puede crear una instancia de una clase abstract
      C:\Users\Administrador\Downloads\AJEDREZ\src\peon.h(7,7):
      vea la declaración de 'Peon'
      C:\Users\Administrador\Downloads\AJEDREZ\src\tablero.cpp(23,27):
      debido a los siguientes miembros:
      C:\Users\Administrador\Downloads\AJEDREZ\src\tablero.cpp(23,27):
      'void Pieza::mueve(void)': es abstracto
      C:\Users\Administrador\Downloads\AJEDREZ\src\pieza.h(18,15):
      vea la declaración de 'Pieza::mueve'
  
C:\Users\Administrador\Downloads\AJEDREZ\src\tablero.cpp(26,27): error C2259: "Peon": no se puede crear una instancia de una clase abstract
      C:\Users\Administrador\Downloads\AJEDREZ\src\peon.h(7,7):
      vea la declaración de 'Peon'
      C:\Users\Administrador\Downloads\AJEDREZ\src\tablero.cpp(26,27):
      debido a los siguientes miembros:
      C:\Users\Administrador\Downloads\AJEDREZ\src\tablero.cpp(26,27):
      'void Pieza::mueve(void)': es abstracto
      C:\Users\Administrador\Downloads\AJEDREZ\src\pieza.h(18,15):
      vea la declaración de 'Pieza::mueve'
  
C:\Users\Administrador\Downloads\AJEDREZ\src\tablero.cpp(29,27): error C2259: "Peon": no se puede crear una instancia de una clase abstract
      C:\Users\Administrador\Downloads\AJEDREZ\src\peon.h(7,7):
      vea la declaración de 'Peon'
      C:\Users\Administrador\Downloads\AJEDREZ\src\tablero.cpp(29,27):
      debido a los siguientes miembros:
      C:\Users\Administrador\Downloads\AJEDREZ\src\tablero.cpp(29,27):
      'void Pieza::mueve(void)': es abstracto
      C:\Users\Administrador\Downloads\AJEDREZ\src\pieza.h(18,15):
      vea la declaración de 'Pieza::mueve'
  
C:\Users\Administrador\Downloads\AJEDREZ\src\tablero.cpp(32,27): error C2259: "Peon": no se puede crear una instancia de una clase abstract
      C:\Users\Administrador\Downloads\AJEDREZ\src\peon.h(7,7):
      vea la declaración de 'Peon'
      C:\Users\Administrador\Downloads\AJEDREZ\src\tablero.cpp(32,27):
      debido a los siguientes miembros:
      C:\Users\Administrador\Downloads\AJEDREZ\src\tablero.cpp(32,27):
      'void Pieza::mueve(void)': es abstracto
      C:\Users\Administrador\Downloads\AJEDREZ\src\pieza.h(18,15):
      vea la declaración de 'Pieza::mueve'
  
C:\Users\Administrador\Downloads\AJEDREZ\src\tablero.cpp(35,27): error C2259: "Peon": no se puede crear una instancia de una clase abstract
      C:\Users\Administrador\Downloads\AJEDREZ\src\peon.h(7,7):
      vea la declaración de 'Peon'
      C:\Users\Administrador\Downloads\AJEDREZ\src\tablero.cpp(35,27):
      debido a los siguientes miembros:
      C:\Users\Administrador\Downloads\AJEDREZ\src\tablero.cpp(35,27):
      'void Pieza::mueve(void)': es abstracto
      C:\Users\Administrador\Downloads\AJEDREZ\src\pieza.h(18,15):
      vea la declaración de 'Pieza::mueve'
  
C:\Users\Administrador\Downloads\AJEDREZ\src\tablero.cpp(38,27): error C2259: "Peon": no se puede crear una instancia de una clase abstract
      C:\Users\Administrador\Downloads\AJEDREZ\src\peon.h(7,7):
      vea la declaración de 'Peon'
      C:\Users\Administrador\Downloads\AJEDREZ\src\tablero.cpp(38,27):
      debido a los siguientes miembros:
      C:\Users\Administrador\Downloads\AJEDREZ\src\tablero.cpp(38,27):
      'void Pieza::mueve(void)': es abstracto
      C:\Users\Administrador\Downloads\AJEDREZ\src\pieza.h(18,15):
      vea la declaración de 'Pieza::mueve'
  
C:\Users\Administrador\Downloads\AJEDREZ\src\tablero.cpp(41,28): error C2259: "Peon": no se puede crear una instancia de una clase abstract
      C:\Users\Administrador\Downloads\AJEDREZ\src\peon.h(7,7):
      vea la declaración de 'Peon'
      C:\Users\Administrador\Downloads\AJEDREZ\src\tablero.cpp(41,28):
      debido a los siguientes miembros:
      C:\Users\Administrador\Downloads\AJEDREZ\src\tablero.cpp(41,28):
      'void Pieza::mueve(void)': es abstracto
      C:\Users\Administrador\Downloads\AJEDREZ\src\pieza.h(18,15):
      vea la declaración de 'Pieza::mueve'
  
C:\Users\Administrador\Downloads\AJEDREZ\src\tablero.cpp(45,26): error C2259: "Peon": no se puede crear una instancia de una clase abstract
      C:\Users\Administrador\Downloads\AJEDREZ\src\peon.h(7,7):
      vea la declaración de 'Peon'
      C:\Users\Administrador\Downloads\AJEDREZ\src\tablero.cpp(45,26):
      debido a los siguientes miembros:
      C:\Users\Administrador\Downloads\AJEDREZ\src\tablero.cpp(45,26):
      'void Pieza::mueve(void)': es abstracto
      C:\Users\Administrador\Downloads\AJEDREZ\src\pieza.h(18,15):
      vea la declaración de 'Pieza::mueve'
  
C:\Users\Administrador\Downloads\AJEDREZ\src\tablero.cpp(48,26): error C2259: "Peon": no se puede crear una instancia de una clase abstract
      C:\Users\Administrador\Downloads\AJEDREZ\src\peon.h(7,7):
      vea la declaración de 'Peon'
      C:\Users\Administrador\Downloads\AJEDREZ\src\tablero.cpp(48,26):
      debido a los siguientes miembros:
      C:\Users\Administrador\Downloads\AJEDREZ\src\tablero.cpp(48,26):
      'void Pieza::mueve(void)': es abstracto
      C:\Users\Administrador\Downloads\AJEDREZ\src\pieza.h(18,15):
      vea la declaración de 'Pieza::mueve'
  
C:\Users\Administrador\Downloads\AJEDREZ\src\tablero.cpp(51,26): error C2259: "Peon": no se puede crear una instancia de una clase abstract
      C:\Users\Administrador\Downloads\AJEDREZ\src\peon.h(7,7):
      vea la declaración de 'Peon'
      C:\Users\Administrador\Downloads\AJEDREZ\src\tablero.cpp(51,26):
      debido a los siguientes miembros:
      C:\Users\Administrador\Downloads\AJEDREZ\src\tablero.cpp(51,26):
      'void Pieza::mueve(void)': es abstracto
      C:\Users\Administrador\Downloads\AJEDREZ\src\pieza.h(18,15):
      vea la declaración de 'Pieza::mueve'
  
C:\Users\Administrador\Downloads\AJEDREZ\src\tablero.cpp(54,26): error C2259: "Peon": no se puede crear una instancia de una clase abstract
      C:\Users\Administrador\Downloads\AJEDREZ\src\peon.h(7,7):
      vea la declaración de 'Peon'
      C:\Users\Administrador\Downloads\AJEDREZ\src\tablero.cpp(54,26):
      debido a los siguientes miembros:
      C:\Users\Administrador\Downloads\AJEDREZ\src\tablero.cpp(54,26):
      'void Pieza::mueve(void)': es abstracto
      C:\Users\Administrador\Downloads\AJEDREZ\src\pieza.h(18,15):
      vea la declaración de 'Pieza::mueve'
  
C:\Users\Administrador\Downloads\AJEDREZ\src\tablero.cpp(57,26): error C2259: "Peon": no se puede crear una instancia de una clase abstract
      C:\Users\Administrador\Downloads\AJEDREZ\src\peon.h(7,7):
      vea la declaración de 'Peon'
      C:\Users\Administrador\Downloads\AJEDREZ\src\tablero.cpp(57,26):
      debido a los siguientes miembros:
      C:\Users\Administrador\Downloads\AJEDREZ\src\tablero.cpp(57,26):
      'void Pieza::mueve(void)': es abstracto
      C:\Users\Administrador\Downloads\AJEDREZ\src\pieza.h(18,15):
      vea la declaración de 'Pieza::mueve'
  
C:\Users\Administrador\Downloads\AJEDREZ\src\tablero.cpp(60,26): error C2259: "Peon": no se puede crear una instancia de una clase abstract
      C:\Users\Administrador\Downloads\AJEDREZ\src\peon.h(7,7):
      vea la declaración de 'Peon'
      C:\Users\Administrador\Downloads\AJEDREZ\src\tablero.cpp(60,26):
      debido a los siguientes miembros:
      C:\Users\Administrador\Downloads\AJEDREZ\src\tablero.cpp(60,26):
      'void Pieza::mueve(void)': es abstracto
      C:\Users\Administrador\Downloads\AJEDREZ\src\pieza.h(18,15):
      vea la declaración de 'Pieza::mueve'
  
C:\Users\Administrador\Downloads\AJEDREZ\src\tablero.cpp(63,26): error C2259: "Peon": no se puede crear una instancia de una clase abstract
      C:\Users\Administrador\Downloads\AJEDREZ\src\peon.h(7,7):
      vea la declaración de 'Peon'
      C:\Users\Administrador\Downloads\AJEDREZ\src\tablero.cpp(63,26):
      debido a los siguientes miembros:
      C:\Users\Administrador\Downloads\AJEDREZ\src\tablero.cpp(63,26):
      'void Pieza::mueve(void)': es abstracto
      C:\Users\Administrador\Downloads\AJEDREZ\src\pieza.h(18,15):
      vea la declaración de 'Pieza::mueve'
  
C:\Users\Administrador\Downloads\AJEDREZ\src\tablero.cpp(66,26): error C2259: "Peon": no se puede crear una instancia de una clase abstract
      C:\Users\Administrador\Downloads\AJEDREZ\src\peon.h(7,7):
      vea la declaración de 'Peon'
      C:\Users\Administrador\Downloads\AJEDREZ\src\tablero.cpp(66,26):
      debido a los siguientes miembros:
      C:\Users\Administrador\Downloads\AJEDREZ\src\tablero.cpp(66,26):
      'void Pieza::mueve(void)': es abstracto
      C:\Users\Administrador\Downloads\AJEDREZ\src\pieza.h(18,15):
      vea la declaración de 'Pieza::mueve'
  
C:\Users\Administrador\Downloads\AJEDREZ\src\tablero.cpp(69,26): error C2259: "Peon": no se puede crear una instancia de una clase abstract
      C:\Users\Administrador\Downloads\AJEDREZ\src\peon.h(7,7):
      vea la declaración de 'Peon'
      C:\Users\Administrador\Downloads\AJEDREZ\src\tablero.cpp(69,26):
      debido a los siguientes miembros:
      C:\Users\Administrador\Downloads\AJEDREZ\src\tablero.cpp(69,26):
      'void Pieza::mueve(void)': es abstracto
      C:\Users\Administrador\Downloads\AJEDREZ\src\pieza.h(18,15):
      vea la declaración de 'Pieza::mueve'
  
C:\Users\Administrador\Downloads\AJEDREZ\src\tablero.cpp(72,27): error C2259: "Peon": no se puede crear una instancia de una clase abstract
      C:\Users\Administrador\Downloads\AJEDREZ\src\peon.h(7,7):
      vea la declaración de 'Peon'
      C:\Users\Administrador\Downloads\AJEDREZ\src\tablero.cpp(72,27):
      debido a los siguientes miembros:
      C:\Users\Administrador\Downloads\AJEDREZ\src\tablero.cpp(72,27):
      'void Pieza::mueve(void)': es abstracto
      C:\Users\Administrador\Downloads\AJEDREZ\src\pieza.h(18,15):
      vea la declaración de 'Pieza::mueve'
  
